<?xml version="1.0" encoding="UTF-8"?>
<!-- Generated by org.testng.reporters.JUnitReportReporter -->
<testsuite hostname="LAPTOP-RCGHB8E5" failures="0" tests="1" name="testlayer.LoginPageTest" time="19.382" errors="0" timestamp="2022-11-12T15:39:44 IST" skipped="0">
  <testcase classname="testlayer.LoginPageTest" name="logintest" time="19.382"/>
  <system-out/>
</testsuite> <!-- testlayer.LoginPageTest -->
